<?xml version="1.0" encoding="UTF-8"?>
<testng-results skipped="0" failed="1" ignored="0" total="3" passed="2">
  <reporter-output>
  </reporter-output>
  <suite name="Default suite" duration-ms="26135" started-at="2020-12-16T11:20:42Z" finished-at="2020-12-16T11:21:08Z">
    <groups>
      <group name="@Chennai">
        <method signature="TestingPage.method1(java.lang.String, java.lang.String)[pri:-2000, instance:com.blaze.TestingPage@59f99ea]" name="method1" class="com.blaze.TestingPage"/>
      </group> <!-- @Chennai -->
    </groups>
    <test name="Default test" duration-ms="26135" started-at="2020-12-16T11:20:42Z" finished-at="2020-12-16T11:21:08Z">
      <class name="com.blaze.TestingPage">
        <test-method status="PASS" signature="browser()[pri:0, instance:com.blaze.TestingPage@59f99ea]" name="browser" is-config="true" duration-ms="3272" started-at="2020-12-16T11:20:42Z" finished-at="2020-12-16T11:20:45Z">
          <reporter-output>
          </reporter-output>
        </test-method> <!-- browser -->
        <test-method status="FAIL" signature="method1(java.lang.String, java.lang.String)[pri:-2000, instance:com.blaze.TestingPage@59f99ea]" name="method1" duration-ms="0" started-at="2020-12-16T11:20:45Z" finished-at="2020-12-16T11:20:45Z">
          <exception class="org.testng.TestNGException">
            <message>
              <![CDATA[
Cannot inject @Test annotated Method [method1] with [class java.lang.String, class java.lang.String].
For more information on native dependency injection please refer to http://testng.org/doc/documentation-main.html#native-dependency-injection]]>
            </message>
            <full-stacktrace>
              <![CDATA[org.testng.TestNGException: 
Cannot inject @Test annotated Method [method1] with [class java.lang.String, class java.lang.String].
For more information on native dependency injection please refer to http://testng.org/doc/documentation-main.html#native-dependency-injection
at org.testng.internal.Parameters.checkParameterTypes(Parameters.java:407)
at org.testng.internal.Parameters.createParametersForMethod(Parameters.java:356)
at org.testng.internal.Parameters.createParameters(Parameters.java:635)
at org.testng.internal.Parameters.handleParameters(Parameters.java:769)
at org.testng.internal.ParameterHandler.handleParameters(ParameterHandler.java:49)
at org.testng.internal.ParameterHandler.createParameters(ParameterHandler.java:37)
at org.testng.internal.Invoker.invokeTestMethods(Invoker.java:924)
at org.testng.internal.TestMethodWorker.invokeTestMethods(TestMethodWorker.java:125)
at org.testng.internal.TestMethodWorker.run(TestMethodWorker.java:109)
at org.testng.TestRunner.privateRun(TestRunner.java:648)
at org.testng.TestRunner.run(TestRunner.java:505)
at org.testng.SuiteRunner.runTest(SuiteRunner.java:455)
at org.testng.SuiteRunner.runSequentially(SuiteRunner.java:450)
at org.testng.SuiteRunner.privateRun(SuiteRunner.java:415)
at org.testng.SuiteRunner.run(SuiteRunner.java:364)
at org.testng.SuiteRunnerWorker.runSuite(SuiteRunnerWorker.java:52)
at org.testng.SuiteRunnerWorker.run(SuiteRunnerWorker.java:84)
at org.testng.TestNG.runSuitesSequentially(TestNG.java:1208)
at org.testng.TestNG.runSuitesLocally(TestNG.java:1137)
at org.testng.TestNG.runSuites(TestNG.java:1049)
at org.testng.TestNG.run(TestNG.java:1017)
at org.testng.remote.AbstractRemoteTestNG.run(AbstractRemoteTestNG.java:132)
at org.testng.remote.RemoteTestNG.initAndRun(RemoteTestNG.java:236)
at org.testng.remote.RemoteTestNG.main(RemoteTestNG.java:81)
]]>
            </full-stacktrace>
          </exception> <!-- org.testng.TestNGException -->
          <reporter-output>
          </reporter-output>
        </test-method> <!-- method1 -->
        <test-method status="PASS" signature="url()[pri:0, instance:com.blaze.TestingPage@59f99ea]" name="url" is-config="true" duration-ms="2242" started-at="2020-12-16T11:20:45Z" finished-at="2020-12-16T11:20:47Z">
          <reporter-output>
          </reporter-output>
        </test-method> <!-- url -->
        <test-method status="PASS" signature="method2()[pri:200, instance:com.blaze.TestingPage@59f99ea]" name="method2" duration-ms="9772" started-at="2020-12-16T11:20:47Z" finished-at="2020-12-16T11:20:57Z">
          <reporter-output>
          </reporter-output>
        </test-method> <!-- method2 -->
        <test-method status="PASS" signature="url()[pri:0, instance:com.blaze.TestingPage@59f99ea]" name="url" is-config="true" duration-ms="537" started-at="2020-12-16T11:20:57Z" finished-at="2020-12-16T11:20:58Z">
          <reporter-output>
          </reporter-output>
        </test-method> <!-- url -->
        <test-method status="PASS" signature="method2()[pri:200, instance:com.blaze.TestingPage@59f99ea]" name="method2" duration-ms="9617" started-at="2020-12-16T11:20:58Z" finished-at="2020-12-16T11:21:07Z">
          <reporter-output>
          </reporter-output>
        </test-method> <!-- method2 -->
        <test-method status="PASS" signature="quit()[pri:0, instance:com.blaze.TestingPage@59f99ea]" name="quit" is-config="true" duration-ms="665" started-at="2020-12-16T11:21:07Z" finished-at="2020-12-16T11:21:08Z">
          <reporter-output>
          </reporter-output>
        </test-method> <!-- quit -->
      </class> <!-- com.blaze.TestingPage -->
    </test> <!-- Default test -->
  </suite> <!-- Default suite -->
</testng-results>
